[2022-04-20 20:50:23,249] INFO Starting the log cleaner (kafka.log.LogCleaner)
[2022-04-20 20:50:23,318] INFO [kafka-log-cleaner-thread-0]: Starting (kafka.log.LogCleaner)
[2022-04-21 13:47:49,963] INFO Starting the log cleaner (kafka.log.LogCleaner)
[2022-04-21 13:47:50,026] INFO [kafka-log-cleaner-thread-0]: Starting (kafka.log.LogCleaner)
[2022-04-21 13:47:51,324] INFO Shutting down the log cleaner. (kafka.log.LogCleaner)
[2022-04-21 13:47:51,324] INFO [kafka-log-cleaner-thread-0]: Shutting down (kafka.log.LogCleaner)
[2022-04-21 13:47:51,327] INFO [kafka-log-cleaner-thread-0]: Stopped (kafka.log.LogCleaner)
[2022-04-21 13:47:51,327] INFO [kafka-log-cleaner-thread-0]: Shutdown completed (kafka.log.LogCleaner)
[2022-04-21 13:51:55,559] INFO Starting the log cleaner (kafka.log.LogCleaner)
[2022-04-21 13:51:55,616] INFO [kafka-log-cleaner-thread-0]: Starting (kafka.log.LogCleaner)
[2022-04-21 13:53:48,398] INFO Starting the log cleaner (kafka.log.LogCleaner)
[2022-04-21 13:53:48,450] INFO [kafka-log-cleaner-thread-0]: Starting (kafka.log.LogCleaner)
[2022-04-22 21:25:39,773] INFO Starting the log cleaner (kafka.log.LogCleaner)
[2022-04-22 21:25:39,772] INFO Starting the log cleaner (kafka.log.LogCleaner)
[2022-04-22 21:25:39,869] INFO [kafka-log-cleaner-thread-0]: Starting (kafka.log.LogCleaner)
[2022-04-22 21:25:39,869] INFO [kafka-log-cleaner-thread-0]: Starting (kafka.log.LogCleaner)
[2022-04-22 21:25:41,453] INFO Starting the log cleaner (kafka.log.LogCleaner)
[2022-04-22 21:25:41,519] INFO [kafka-log-cleaner-thread-0]: Starting (kafka.log.LogCleaner)
[2022-04-22 21:25:46,125] INFO Shutting down the log cleaner. (kafka.log.LogCleaner)
[2022-04-22 21:25:46,125] INFO [kafka-log-cleaner-thread-0]: Shutting down (kafka.log.LogCleaner)
[2022-04-22 21:25:46,128] INFO [kafka-log-cleaner-thread-0]: Stopped (kafka.log.LogCleaner)
[2022-04-22 21:25:46,128] INFO [kafka-log-cleaner-thread-0]: Shutdown completed (kafka.log.LogCleaner)
[2022-04-22 21:25:47,346] INFO Shutting down the log cleaner. (kafka.log.LogCleaner)
[2022-04-22 21:25:47,346] INFO [kafka-log-cleaner-thread-0]: Shutting down (kafka.log.LogCleaner)
[2022-04-22 21:25:47,348] INFO [kafka-log-cleaner-thread-0]: Stopped (kafka.log.LogCleaner)
[2022-04-22 21:25:47,348] INFO [kafka-log-cleaner-thread-0]: Shutdown completed (kafka.log.LogCleaner)
[2022-04-22 21:27:15,551] INFO Starting the log cleaner (kafka.log.LogCleaner)
[2022-04-22 21:27:15,640] INFO [kafka-log-cleaner-thread-0]: Starting (kafka.log.LogCleaner)
[2022-04-22 21:27:16,410] INFO Starting the log cleaner (kafka.log.LogCleaner)
[2022-04-22 21:27:16,482] INFO [kafka-log-cleaner-thread-0]: Starting (kafka.log.LogCleaner)
[2022-04-22 21:29:46,930] INFO Starting the log cleaner (kafka.log.LogCleaner)
[2022-04-22 21:29:46,999] INFO [kafka-log-cleaner-thread-0]: Starting (kafka.log.LogCleaner)
[2022-04-22 21:29:50,636] INFO Starting the log cleaner (kafka.log.LogCleaner)
[2022-04-22 21:29:50,707] INFO [kafka-log-cleaner-thread-0]: Starting (kafka.log.LogCleaner)
[2022-04-22 21:29:52,865] INFO Shutting down the log cleaner. (kafka.log.LogCleaner)
[2022-04-22 21:29:52,866] INFO [kafka-log-cleaner-thread-0]: Shutting down (kafka.log.LogCleaner)
[2022-04-22 21:29:52,867] INFO [kafka-log-cleaner-thread-0]: Stopped (kafka.log.LogCleaner)
[2022-04-22 21:29:52,867] INFO [kafka-log-cleaner-thread-0]: Shutdown completed (kafka.log.LogCleaner)
[2022-04-22 21:29:55,656] INFO Starting the log cleaner (kafka.log.LogCleaner)
[2022-04-22 21:29:55,740] INFO [kafka-log-cleaner-thread-0]: Starting (kafka.log.LogCleaner)
[2022-04-22 21:32:41,489] INFO Starting the log cleaner (kafka.log.LogCleaner)
[2022-04-22 21:32:41,559] INFO [kafka-log-cleaner-thread-0]: Starting (kafka.log.LogCleaner)
[2022-04-22 21:35:40,650] INFO Starting the log cleaner (kafka.log.LogCleaner)
[2022-04-22 21:35:40,650] INFO Starting the log cleaner (kafka.log.LogCleaner)
[2022-04-22 21:35:40,739] INFO [kafka-log-cleaner-thread-0]: Starting (kafka.log.LogCleaner)
[2022-04-22 21:35:40,745] INFO [kafka-log-cleaner-thread-0]: Starting (kafka.log.LogCleaner)
[2022-04-22 21:35:42,227] INFO Starting the log cleaner (kafka.log.LogCleaner)
[2022-04-22 21:35:42,296] INFO [kafka-log-cleaner-thread-0]: Starting (kafka.log.LogCleaner)
[2022-04-23 10:33:57,251] INFO Starting the log cleaner (kafka.log.LogCleaner)
[2022-04-23 10:33:57,251] INFO Starting the log cleaner (kafka.log.LogCleaner)
[2022-04-23 10:33:57,498] INFO [kafka-log-cleaner-thread-0]: Starting (kafka.log.LogCleaner)
[2022-04-23 10:33:57,498] INFO [kafka-log-cleaner-thread-0]: Starting (kafka.log.LogCleaner)
[2022-04-23 10:34:04,710] INFO Starting the log cleaner (kafka.log.LogCleaner)
[2022-04-23 10:34:04,761] INFO [kafka-log-cleaner-thread-0]: Starting (kafka.log.LogCleaner)
[2022-04-23 10:40:21,183] INFO Starting the log cleaner (kafka.log.LogCleaner)
[2022-04-23 10:40:21,236] INFO [kafka-log-cleaner-thread-0]: Starting (kafka.log.LogCleaner)
[2022-04-23 10:41:08,744] INFO Starting the log cleaner (kafka.log.LogCleaner)
[2022-04-23 10:41:08,793] INFO [kafka-log-cleaner-thread-0]: Starting (kafka.log.LogCleaner)
[2022-04-23 13:31:40,888] INFO Starting the log cleaner (kafka.log.LogCleaner)
[2022-04-23 13:31:40,890] INFO Starting the log cleaner (kafka.log.LogCleaner)
[2022-04-23 13:31:40,955] INFO [kafka-log-cleaner-thread-0]: Starting (kafka.log.LogCleaner)
[2022-04-23 13:31:40,956] INFO [kafka-log-cleaner-thread-0]: Starting (kafka.log.LogCleaner)
[2022-04-23 13:31:41,030] INFO Starting the log cleaner (kafka.log.LogCleaner)
[2022-04-23 13:31:41,098] INFO [kafka-log-cleaner-thread-0]: Starting (kafka.log.LogCleaner)
[2022-04-23 13:31:46,797] INFO Shutting down the log cleaner. (kafka.log.LogCleaner)
[2022-04-23 13:31:46,797] INFO [kafka-log-cleaner-thread-0]: Shutting down (kafka.log.LogCleaner)
[2022-04-23 13:31:46,798] INFO [kafka-log-cleaner-thread-0]: Stopped (kafka.log.LogCleaner)
[2022-04-23 13:31:46,798] INFO [kafka-log-cleaner-thread-0]: Shutdown completed (kafka.log.LogCleaner)
[2022-04-23 13:31:46,969] INFO Shutting down the log cleaner. (kafka.log.LogCleaner)
[2022-04-23 13:31:46,969] INFO [kafka-log-cleaner-thread-0]: Shutting down (kafka.log.LogCleaner)
[2022-04-23 13:31:46,971] INFO [kafka-log-cleaner-thread-0]: Stopped (kafka.log.LogCleaner)
[2022-04-23 13:31:46,971] INFO [kafka-log-cleaner-thread-0]: Shutdown completed (kafka.log.LogCleaner)
[2022-04-23 13:31:47,172] INFO Shutting down the log cleaner. (kafka.log.LogCleaner)
[2022-04-23 13:31:47,173] INFO [kafka-log-cleaner-thread-0]: Shutting down (kafka.log.LogCleaner)
[2022-04-23 13:31:47,174] INFO [kafka-log-cleaner-thread-0]: Stopped (kafka.log.LogCleaner)
[2022-04-23 13:31:47,174] INFO [kafka-log-cleaner-thread-0]: Shutdown completed (kafka.log.LogCleaner)
[2022-04-23 13:33:53,882] INFO Starting the log cleaner (kafka.log.LogCleaner)
[2022-04-23 13:33:53,933] INFO [kafka-log-cleaner-thread-0]: Starting (kafka.log.LogCleaner)
[2022-04-23 13:34:10,392] INFO Starting the log cleaner (kafka.log.LogCleaner)
[2022-04-23 13:34:10,445] INFO [kafka-log-cleaner-thread-0]: Starting (kafka.log.LogCleaner)
[2022-04-23 13:34:24,797] INFO Starting the log cleaner (kafka.log.LogCleaner)
[2022-04-23 13:34:24,849] INFO [kafka-log-cleaner-thread-0]: Starting (kafka.log.LogCleaner)
